Arguments: 
  /Users/marcel/.nvm/versions/node/v12.21.0/bin/node /usr/local/bin/yarn publish

PATH: 
  /Users/marcel/.nvm/versions/node/v12.21.0/bin:/usr/local/bin:/usr/bin:/bin:/usr/sbin:/sbin

Yarn version: 
  1.22.10

Node version: 
  12.21.0

Platform: 
  darwin x64

Trace: 
  Error: canceled
      at Interface.<anonymous> (/usr/local/lib/node_modules/yarn/lib/cli.js:136216:13)
      at Interface.emit (events.js:314:20)
      at Interface._ttyWrite (readline.js:868:16)
      at ReadStream.onkeypress (readline.js:205:10)
      at ReadStream.emit (events.js:314:20)
      at emitKeys (internal/readline/utils.js:335:14)
      at emitKeys.next (<anonymous>)
      at ReadStream.onData (readline.js:1137:36)
      at ReadStream.emit (events.js:314:20)
      at addChunk (_stream_readable.js:297:12)

npm manifest: 
  {
    "name": "datocms-plugin-conditional-fields-extended",
    "homepage": "https://github.com/m8rzel/datocms-plugin-creator",
    "version": "0.10.0",
    "description": "DatoCMS Plugin Conditional Fields for text-, string- and boolean-Fields",
    "main": "index.js",
    "scripts": {
      "start": "NODE_ENV=development webpack-dev-server --port 5000",
      "dist": "NODE_ENV=production webpack --progress",
      "addToProject": "yo datocms-plugin:add-to-project",
      "prepublishOnly": "rimraf lib dist && mkdir dist && npm run dist",
      "lint": "eslint \"./src/*.{js,jsx}\"",
      "test": "echo 1"
    },
    "keywords": [
      "datocms",
      "datocms-plugin",
      "field-addon",
      "text-field"
    ],
    "files": [
      "dist",
      "docs"
    ],
    "author": "Marcel Wiskow <m.wiskow96@gmail.com>",
    "license": "ISC",
    "datoCmsPlugin": {
      "title": "DatoCMS Conditional Fields string, text, bool",
      "previewImage": "docs/preview.gif",
      "coverImage": "docs/cover.png",
      "entryPoint": "dist/index.html",
      "pluginType": "field_addon",
      "fieldTypes": [
        "text",
        "string",
        "boolean"
      ],
      "parameters": {
        "global": [
          {
            "id": "developmentMode",
            "label": "Development mode",
            "type": "boolean",
            "required": true,
            "default": false,
            "hint": "Shows debug messages in console"
          }
        ],
        "instance": [
          {
            "id": "field",
            "label": "Field",
            "hint": "Field you want to show",
            "type": "string",
            "required": true,
            "default": ""
          },
          {
            "id": "options",
            "label": "Options",
            "hint": "...if this Option is selected",
            "type": "string",
            "required": true,
            "default": ""
          }
        ]
      }
    },
    "devDependencies": {
      "@babel/cli": "^7.0.0-beta.54",
      "@babel/core": "^7.0.0-beta.54",
      "@babel/plugin-proposal-class-properties": "^7.1.0",
      "@babel/plugin-proposal-decorators": "^7.1.2",
      "@babel/preset-env": "^7.0.0-beta.54",
      "@babel/preset-react": "^7.0.0",
      "@babel/register": "^7.0.0-beta.54",
      "babel-eslint": "^8.2.6",
      "babel-loader": "^8.0.0-beta",
      "css-loader": "^1.0.0",
      "eslint": "^5.3.0",
      "eslint-config-airbnb": "^17.1.0",
      "eslint-config-airbnb-base": "^13.1.0",
      "eslint-import-resolver-webpack": "^0.10.1",
      "eslint-loader": "^2.1.0",
      "eslint-plugin-import": "^2.14.0",
      "eslint-plugin-jsx-a11y": "^6.1.1",
      "eslint-plugin-react": "^7.11.0",
      "generator-datocms-plugin": "^1.0.24",
      "html-webpack-inline-source-plugin": "^0.0.10",
      "html-webpack-plugin": "^3.2.0",
      "mini-css-extract-plugin": "^0.4.3",
      "node-sass": "^4.9.3",
      "sass-loader": "^7.1.0",
      "serve": "^10.0.2",
      "style-loader": "^0.23.0",
      "webpack": "^4.16.1",
      "webpack-cli": "^3.1.0",
      "webpack-dev-server": "^3.1.10",
      "yo": "^4.2.0"
    },
    "dependencies": {
      "classname": "^0.0.0",
      "html-webpack-tags-plugin": "^2.0.17",
      "prop-types": "^15.7.2",
      "react": "^17.0.2",
      "react-dom": "^17.0.2",
      "yeoman-environment": "^3.5.1"
    }
  }

yarn manifest: 
  No manifest

Lockfile: 
  No lockfile
